Построение начато 29.05.2020 18:12:35.
     1>Проект "D:\Учеба\Программирование\Проекты c++\oc2\oc2\oc2.vcxproj" в узле 2 (целевые объекты build).
     1>InitializeBuildStatus:
         Создание "Debug\oc2.unsuccessfulbuild", так как было задано "AlwaysCreate".
       ClCompile:
         D:\Program Files\Microsoft Visual Studio 10.0\VC\bin\CL.exe /c /ZI /nologo /W3 /WX- /Od /Oy- /D _MBCS /Gm /EHsc /RTC1 /MDd /GS /fp:precise /Zc:wchar_t /Zc:forScope /Fo"Debug\\" /Fd"Debug\vc100.pdb" /Gd /TP /analyze- /errorReport:prompt l1operCre.cpp
         l1operCre.cpp
     1>d:\учеба\программирование\проекты c++\oc2\oc2\l1opercre.cpp(56): warning C4101: i: неиспользованная локальная переменная
       Link:
         D:\Program Files\Microsoft Visual Studio 10.0\VC\bin\link.exe /ERRORREPORT:PROMPT /OUT:"D:\Учеба\Программирование\Проекты c++\oc2\Debug\oc2.exe" /NOLOGO kernel32.lib user32.lib gdi32.lib winspool.lib comdlg32.lib advapi32.lib shell32.lib ole32.lib oleaut32.lib uuid.lib odbc32.lib odbccp32.lib /MANIFEST /ManifestFile:"Debug\oc2.exe.intermediate.manifest" /MANIFESTUAC:"level='asInvoker' uiAccess='false'" /DEBUG /PDB:"D:\Учеба\Программирование\Проекты c++\oc2\Debug\oc2.pdb" /TLBID:1 /DYNAMICBASE /NXCOMPAT /IMPLIB:"D:\Учеба\Программирование\Проекты c++\oc2\Debug\oc2.lib" /MACHINE:X86 Debug\l1operCre.obj
         LINK : не найден или не выполнена сборка D:\Учеба\Программирование\Проекты c++\oc2\Debug\oc2.exe при последней инкрементной компоновке; выполняется полная компоновка
         oc2.vcxproj -> D:\Учеба\Программирование\Проекты c++\oc2\Debug\oc2.exe
       Manifest:
         C:\Program Files (x86)\Microsoft SDKs\Windows\v7.0A\bin\mt.exe /nologo /verbose /outputresource:"D:\Учеба\Программирование\Проекты c++\oc2\Debug\oc2.exe;#1" /manifest Debug\oc2.exe.intermediate.manifest
       FinalizeBuildStatus:
         Файл "Debug\oc2.unsuccessfulbuild" удаляется.
         Обращение к "Debug\oc2.lastbuildstate".
     1>Построение проекта "D:\Учеба\Программирование\Проекты c++\oc2\oc2\oc2.vcxproj" завершено (целевые объекты build).

Построение успешно завершено.

Затраченное время: 00:00:01.68
