Построение начато 12.08.2019 23:53:31.
     1>Проект "D:\Учеба\Программирование\Проекты c++\УП6\УП6\УП6.vcxproj" в узле 2 (целевые объекты build).
     1>InitializeBuildStatus:
         Обращение к "Debug\УП6.unsuccessfulbuild".
       ClCompile:
         D:\Program Files\Microsoft Visual Studio 10.0\VC\bin\CL.exe /c /ZI /nologo /W3 /WX- /Od /Oy- /D _UNICODE /D UNICODE /Gm /EHsc /RTC1 /MDd /GS /fp:precise /Zc:wchar_t /Zc:forScope /Fo"Debug\\" /Fd"Debug\vc100.pdb" /Gd /TP /analyze- /errorReport:prompt Source.cpp
         Source.cpp
     1>d:\учеба\программирование\проекты c++\уп6\уп6\source.cpp(70): warning C4244: аргумент: преобразование "double" в "int", возможна потеря данных
     1>d:\учеба\программирование\проекты c++\уп6\уп6\source.cpp(70): warning C4244: аргумент: преобразование "double" в "int", возможна потеря данных
     1>d:\учеба\программирование\проекты c++\уп6\уп6\source.cpp(90): warning C4244: аргумент: преобразование "double" в "int", возможна потеря данных
     1>d:\учеба\программирование\проекты c++\уп6\уп6\source.cpp(90): warning C4244: аргумент: преобразование "double" в "int", возможна потеря данных
     1>d:\учеба\программирование\проекты c++\уп6\уп6\source.cpp(100): warning C4244: аргумент: преобразование "double" в "int", возможна потеря данных
     1>d:\учеба\программирование\проекты c++\уп6\уп6\source.cpp(100): warning C4244: аргумент: преобразование "double" в "int", возможна потеря данных
     1>d:\учеба\программирование\проекты c++\уп6\уп6\source.cpp(109): warning C4244: аргумент: преобразование "double" в "int", возможна потеря данных
     1>d:\учеба\программирование\проекты c++\уп6\уп6\source.cpp(109): warning C4244: аргумент: преобразование "double" в "int", возможна потеря данных
     1>d:\учеба\программирование\проекты c++\уп6\уп6\source.cpp(118): warning C4244: аргумент: преобразование "double" в "int", возможна потеря данных
     1>d:\учеба\программирование\проекты c++\уп6\уп6\source.cpp(118): warning C4244: аргумент: преобразование "double" в "int", возможна потеря данных
     1>d:\учеба\программирование\проекты c++\уп6\уп6\source.cpp(60): warning C4101: rect: неиспользованная локальная переменная
       Link:
         D:\Program Files\Microsoft Visual Studio 10.0\VC\bin\link.exe /ERRORREPORT:PROMPT /OUT:"D:\Учеба\Программирование\Проекты c++\УП6\Debug\УП6.exe" /NOLOGO kernel32.lib user32.lib gdi32.lib winspool.lib comdlg32.lib advapi32.lib shell32.lib ole32.lib oleaut32.lib uuid.lib odbc32.lib odbccp32.lib /MANIFEST /ManifestFile:"Debug\УП6.exe.intermediate.manifest" /MANIFESTUAC:"level='asInvoker' uiAccess='false'" /DEBUG /PDB:"D:\Учеба\Программирование\Проекты c++\УП6\Debug\УП6.pdb" /TLBID:1 /DYNAMICBASE /NXCOMPAT /IMPLIB:"D:\Учеба\Программирование\Проекты c++\УП6\Debug\УП6.lib" /MACHINE:X86 Debug\Source.obj
         УП6.vcxproj -> D:\Учеба\Программирование\Проекты c++\УП6\Debug\УП6.exe
       Manifest:
         C:\Program Files (x86)\Microsoft SDKs\Windows\v7.0A\bin\mt.exe /nologo /verbose /outputresource:"D:\Учеба\Программирование\Проекты c++\УП6\Debug\УП6.exe;#1" /manifest "Debug\УП6.exe.intermediate.manifest"
       FinalizeBuildStatus:
         Файл "Debug\УП6.unsuccessfulbuild" удаляется.
         Обращение к "Debug\УП6.lastbuildstate".
     1>Построение проекта "D:\Учеба\Программирование\Проекты c++\УП6\УП6\УП6.vcxproj" завершено (целевые объекты build).

Построение успешно завершено.

Затраченное время: 00:00:02.13
