Построение начато 29.05.2020 8:05:14.
     1>Проект "D:\Учеба\Программирование\Проекты c++\aisd4\aisd4\aisd4.vcxproj" в узле 2 (целевые объекты build).
     1>InitializeBuildStatus:
         Создание "Release\aisd4.unsuccessfulbuild", так как было задано "AlwaysCreate".
       ClCompile:
         D:\Program Files\Microsoft Visual Studio 10.0\VC\bin\CL.exe /c /Zi /nologo /W3 /WX- /O2 /Oi /Oy- /GL /D _MBCS /Gm- /EHsc /MD /GS /Gy /fp:precise /Zc:wchar_t /Zc:forScope /Fo"Release\\" /Fd"Release\vc100.pdb" /Gd /TP /analyze- /errorReport:prompt 3ai.cpp
         3ai.cpp
     1>3ai.cpp(23): warning C4244: аргумент: преобразование "double" в "const int", возможна потеря данных
     1>3ai.cpp(11): warning C4101: a: неиспользованная локальная переменная
     1>3ai.cpp(11): warning C4101: b: неиспользованная локальная переменная
     1>3ai.cpp(11): warning C4101: c: неиспользованная локальная переменная
       Link:
         D:\Program Files\Microsoft Visual Studio 10.0\VC\bin\link.exe /ERRORREPORT:PROMPT /OUT:"D:\Учеба\Программирование\Проекты c++\aisd4\Release\aisd4.exe" /NOLOGO kernel32.lib user32.lib gdi32.lib winspool.lib comdlg32.lib advapi32.lib shell32.lib ole32.lib oleaut32.lib uuid.lib odbc32.lib odbccp32.lib /MANIFEST /ManifestFile:"Release\aisd4.exe.intermediate.manifest" /MANIFESTUAC:"level='asInvoker' uiAccess='false'" /DEBUG /PDB:"D:\Учеба\Программирование\Проекты c++\aisd4\Release\aisd4.pdb" /OPT:REF /OPT:ICF /LTCG /TLBID:1 /DYNAMICBASE /NXCOMPAT /IMPLIB:"D:\Учеба\Программирование\Проекты c++\aisd4\Release\aisd4.lib" /MACHINE:X86 Release\3ai.obj
         Создание кода
         Создание кода завершено
         aisd4.vcxproj -> D:\Учеба\Программирование\Проекты c++\aisd4\Release\aisd4.exe
       Manifest:
         C:\Program Files (x86)\Microsoft SDKs\Windows\v7.0A\bin\mt.exe /nologo /verbose /outputresource:"D:\Учеба\Программирование\Проекты c++\aisd4\Release\aisd4.exe;#1" /manifest Release\aisd4.exe.intermediate.manifest
       FinalizeBuildStatus:
         Файл "Release\aisd4.unsuccessfulbuild" удаляется.
         Обращение к "Release\aisd4.lastbuildstate".
     1>Построение проекта "D:\Учеба\Программирование\Проекты c++\aisd4\aisd4\aisd4.vcxproj" завершено (целевые объекты build).

Построение успешно завершено.

Затраченное время: 00:00:01.14
