Построение начато 20.09.2018 3:37:32.
     1>Проект "D:\Учеба\Программирование\Проекты c++\naritai\naritai\naritai.vcxproj" в узле 2 (целевые объекты build).
     1>InitializeBuildStatus:
         Обращение к "Debug\naritai.unsuccessfulbuild".
       GenerateTargetFrameworkMonikerAttribute:
       Целевой объект "GenerateTargetFrameworkMonikerAttribute" пропускается, так как все выходные файлы актуальны по отношению к входным.
       ClCompile:
         Для всех выходных данных обновления не требуется.
         D:\Program Files\Microsoft Visual Studio 10.0\VC\bin\CL.exe /c /AI"C:\Program Files (x86)\Reference Assemblies\Microsoft\Framework\.NETFramework\v4.0" /Zi /clr:pure /nologo /W3 /WX- /Od /Oy- /D WIN32 /D _DEBUG /D _UNICODE /D UNICODE /EHa /MDd /GS /fp:precise /Zc:wchar_t /Zc:forScope /Yu"StdAfx.h" /Fp"Debug\naritai.pch" /Fo"Debug\\" /Fd"Debug\vc100.pdb" /TP /FU"C:\Program Files (x86)\Reference Assemblies\Microsoft\Framework\.NETFramework\v4.0\System.Core.dll" /FU"C:\Program Files (x86)\Reference Assemblies\Microsoft\Framework\.NETFramework\v4.0\System.Data.dll" /FU"C:\Program Files (x86)\Reference Assemblies\Microsoft\Framework\.NETFramework\v4.0\System.dll" /FU"C:\Program Files (x86)\Reference Assemblies\Microsoft\Framework\.NETFramework\v4.0\System.Drawing.dll" /FU"C:\Program Files (x86)\Reference Assemblies\Microsoft\Framework\.NETFramework\v4.0\System.Windows.Forms.dll" /FU"C:\Program Files (x86)\Reference Assemblies\Microsoft\Framework\.NETFramework\v4.0\System.Xml.dll" /analyze- /errorReport:prompt naritai.cpp /clr:nostdlib 
         naritai.cpp
     1>d:\учеба\программирование\проекты c++\naritai\naritai\Form1.h(478): warning C4018: <: несоответствие типов со знаком и без знака
     1>d:\учеба\программирование\проекты c++\naritai\naritai\Form1.h(479): warning C4018: <: несоответствие типов со знаком и без знака
     1>d:\учеба\программирование\проекты c++\naritai\naritai\Form1.h(607): warning C4018: <: несоответствие типов со знаком и без знака
     1>d:\учеба\программирование\проекты c++\naritai\naritai\Form1.h(607): warning C4018: <: несоответствие типов со знаком и без знака
         Для всех выходных данных обновления не требуется.
       CoreResGen:
         Отсутствуют ресурсы, устаревшие по отношению к файлам своих источников. Пропуск формирования ресурсов.
       ResourceCompile:
         Для всех выходных данных обновления не требуется.
       Link:
         D:\Program Files\Microsoft Visual Studio 10.0\VC\bin\link.exe /ERRORREPORT:PROMPT /OUT:"D:\Учеба\Программирование\Проекты c++\naritai\Debug\naritai.exe" /INCREMENTAL /NOLOGO /ASSEMBLYRESOURCE:Debug\naritai.Form1.resources /MANIFEST /ManifestFile:"Debug\naritai.exe.intermediate.manifest" /MANIFESTUAC:"level='asInvoker' uiAccess='false'" /DEBUG /PDB:"D:\Учеба\Программирование\Проекты c++\naritai\Debug\naritai.pdb" /ASSEMBLYDEBUG /SUBSYSTEM:WINDOWS /TLBID:1 /ENTRY:"main" /DYNAMICBASE /FIXED:NO /NXCOMPAT /MACHINE:X86 Debug\app.res
         Debug\AssemblyInfo.obj
         Debug\naritai.obj
         Debug\stdafx.obj
         "Debug\.NETFramework,Version=v4.0.AssemblyAttributes.obj"
         naritai.vcxproj -> D:\Учеба\Программирование\Проекты c++\naritai\Debug\naritai.exe
       Manifest:
         C:\Program Files (x86)\Microsoft SDKs\Windows\v7.0A\bin\mt.exe /nologo /verbose /outputresource:"D:\Учеба\Программирование\Проекты c++\naritai\Debug\naritai.exe;#1" /manifest Debug\naritai.exe.intermediate.manifest
       FinalizeBuildStatus:
         Файл "Debug\naritai.unsuccessfulbuild" удаляется.
         Обращение к "Debug\naritai.lastbuildstate".
     1>Построение проекта "D:\Учеба\Программирование\Проекты c++\naritai\naritai\naritai.vcxproj" завершено (целевые объекты build).

Построение успешно завершено.

Затраченное время: 00:00:00.98
