Построение начато 22.04.2020 22:38:15.
     1>Проект "D:\Учеба\Программирование\Проекты c++\vmalab3\vmalab3\vmalab3.vcxproj" в узле 2 (целевые объекты build).
     1>InitializeBuildStatus:
         Создание "Debug\vmalab3.unsuccessfulbuild", так как было задано "AlwaysCreate".
       ClCompile:
         D:\Program Files\Microsoft Visual Studio 10.0\VC\bin\CL.exe /c /ZI /nologo /W3 /WX- /Od /Oy- /D _MBCS /Gm /EHsc /RTC1 /MDd /GS /fp:precise /Zc:wchar_t /Zc:forScope /Fo"Debug\\" /Fd"Debug\vc100.pdb" /Gd /TP /analyze- /errorReport:prompt lab3.cpp
         lab3.cpp
     1>d:\учеба\программирование\проекты c++\vmalab3\vmalab3\lab3.cpp(24): warning C4996: 'fopen': This function or variable may be unsafe. Consider using fopen_s instead. To disable deprecation, use _CRT_SECURE_NO_WARNINGS. See online help for details.
                 d:\program files\microsoft visual studio 10.0\vc\include\stdio.h(234): см. объявление "fopen"
     1>d:\учеба\программирование\проекты c++\vmalab3\vmalab3\lab3.cpp(43): warning C4101: i: неиспользованная локальная переменная
     1>d:\учеба\программирование\проекты c++\vmalab3\vmalab3\lab3.cpp(56): warning C4996: 'fscanf': This function or variable may be unsafe. Consider using fscanf_s instead. To disable deprecation, use _CRT_SECURE_NO_WARNINGS. See online help for details.
                 d:\program files\microsoft visual studio 10.0\vc\include\stdio.h(253): см. объявление "fscanf"
     1>d:\учеба\программирование\проекты c++\vmalab3\vmalab3\lab3.cpp(82): warning C4996: 'getch': The POSIX name for this item is deprecated. Instead, use the ISO C++ conformant name: _getch. See online help for details.
                 d:\program files\microsoft visual studio 10.0\vc\include\conio.h(128): см. объявление "getch"
       Link:
         D:\Program Files\Microsoft Visual Studio 10.0\VC\bin\link.exe /ERRORREPORT:PROMPT /OUT:"D:\Учеба\Программирование\Проекты c++\vmalab3\Debug\vmalab3.exe" /NOLOGO kernel32.lib user32.lib gdi32.lib winspool.lib comdlg32.lib advapi32.lib shell32.lib ole32.lib oleaut32.lib uuid.lib odbc32.lib odbccp32.lib /MANIFEST /ManifestFile:"Debug\vmalab3.exe.intermediate.manifest" /MANIFESTUAC:"level='asInvoker' uiAccess='false'" /DEBUG /PDB:"D:\Учеба\Программирование\Проекты c++\vmalab3\Debug\vmalab3.pdb" /TLBID:1 /DYNAMICBASE /NXCOMPAT /IMPLIB:"D:\Учеба\Программирование\Проекты c++\vmalab3\Debug\vmalab3.lib" /MACHINE:X86 Debug\lab3.obj
         LINK : не найден или не выполнена сборка D:\Учеба\Программирование\Проекты c++\vmalab3\Debug\vmalab3.exe при последней инкрементной компоновке; выполняется полная компоновка
         vmalab3.vcxproj -> D:\Учеба\Программирование\Проекты c++\vmalab3\Debug\vmalab3.exe
       Manifest:
         C:\Program Files (x86)\Microsoft SDKs\Windows\v7.0A\bin\mt.exe /nologo /verbose /outputresource:"D:\Учеба\Программирование\Проекты c++\vmalab3\Debug\vmalab3.exe;#1" /manifest Debug\vmalab3.exe.intermediate.manifest
       FinalizeBuildStatus:
         Файл "Debug\vmalab3.unsuccessfulbuild" удаляется.
         Обращение к "Debug\vmalab3.lastbuildstate".
     1>Построение проекта "D:\Учеба\Программирование\Проекты c++\vmalab3\vmalab3\vmalab3.vcxproj" завершено (целевые объекты build).

Построение успешно завершено.

Затраченное время: 00:00:00.94
