Построение начато 18.09.2017 8:04:35.
     1>Проект "D:\Проекты c++\B9\B9\B9.vcxproj" в узле 2 (целевые объекты build).
     1>InitializeBuildStatus:
         Создание "Debug\B9.unsuccessfulbuild", так как было задано "AlwaysCreate".
       ClCompile:
         C:\Program Files\Microsoft Visual Studio 10.0\VC\bin\CL.exe /c /ZI /nologo /W3 /WX- /Od /Oy- /D WIN32 /D _DEBUG /D _CONSOLE /D _UNICODE /D UNICODE /Gm /EHsc /RTC1 /MDd /GS /fp:precise /Zc:wchar_t /Zc:forScope /Fo"Debug\\" /Fd"Debug\vc100.pdb" /Gd /TP /analyze- /errorReport:prompt C9.cpp
         C9.cpp
       Link:
         C:\Program Files\Microsoft Visual Studio 10.0\VC\bin\link.exe /ERRORREPORT:PROMPT /OUT:"D:\Проекты c++\B9\Debug\B9.exe" /INCREMENTAL /NOLOGO kernel32.lib user32.lib gdi32.lib winspool.lib comdlg32.lib advapi32.lib shell32.lib ole32.lib oleaut32.lib uuid.lib odbc32.lib odbccp32.lib /MANIFEST /ManifestFile:"Debug\B9.exe.intermediate.manifest" /MANIFESTUAC:"level='asInvoker' uiAccess='false'" /DEBUG /PDB:"D:\Проекты c++\B9\Debug\B9.pdb" /SUBSYSTEM:CONSOLE /TLBID:1 /DYNAMICBASE /NXCOMPAT /IMPLIB:"D:\Проекты c++\B9\Debug\B9.lib" /MACHINE:X86 Debug\B4.obj
         Debug\B9.obj
         Debug\C4.obj
         Debug\C9.obj
         B9.vcxproj -> D:\Проекты c++\B9\Debug\B9.exe
       Manifest:
         C:\Program Files\Microsoft SDKs\Windows\v7.0A\bin\mt.exe /nologo /verbose /out:"D:\Проекты c++\B9\Debug\B9.exe.manifest" /manifest Debug\B9.exe.intermediate.manifest
       FinalizeBuildStatus:
         Файл "Debug\B9.unsuccessfulbuild" удаляется.
         Обращение к "Debug\B9.lastbuildstate".
     1>Построение проекта "D:\Проекты c++\B9\B9\B9.vcxproj" завершено (целевые объекты build).

Построение успешно завершено.

Затраченное время: 00:00:01.56
