Построение начато 11.07.2019 20:54:48.
     1>Проект "D:\Учеба\Программирование\Проекты c++\УП4\УП4\УП4.vcxproj" в узле 2 (целевые объекты build).
     1>InitializeBuildStatus:
         Обращение к "Debug\УП4.unsuccessfulbuild".
       ClCompile:
         D:\Program Files\Microsoft Visual Studio 10.0\VC\bin\CL.exe /c /ZI /nologo /W3 /WX- /Od /Oy- /D _UNICODE /D UNICODE /Gm /EHsc /RTC1 /MDd /GS /fp:precise /Zc:wchar_t /Zc:forScope /Fo"Debug\\" /Fd"Debug\vc100.pdb" /Gd /TP /analyze- /errorReport:prompt main.cpp "№4.cpp"
         №4.cpp
     1>c1xx : fatal error C1083: Не удается открыть файл источник: №4.cpp: No such file or directory
         main.cpp
     1>d:\учеба\программирование\проекты c++\уп4\уп4\header.h(29): error C2864: Field::error: в пределах класса могут быть инициализированы только статические константные данные-члены целого типа
     1>d:\учеба\программирование\проекты c++\уп4\уп4\header.h(50): warning C4244: аргумент: преобразование "time_t" в "unsigned int", возможна потеря данных
     1>d:\учеба\программирование\проекты c++\уп4\уп4\header.h(268): error C2664: CreateFontW: невозможно преобразовать параметр 14 из "const char [16]" в "LPCWSTR"
                 Типы, на которые указывают указатели, не связаны; для преобразования требуется reinterpret_cast, приведение в стиле С или приведение в стиле функции
     1>d:\учеба\программирование\проекты c++\уп4\уп4\header.h(278): error C2664: TextOutW: невозможно преобразовать параметр 4 из "LPSTR" в "LPCWSTR"
                 Типы, на которые указывают указатели, не связаны; для преобразования требуется reinterpret_cast, приведение в стиле С или приведение в стиле функции
     1>d:\учеба\программирование\проекты c++\уп4\уп4\main.cpp(25): error C2664: CreateFontW: невозможно преобразовать параметр 14 из "const char [16]" в "LPCWSTR"
                 Типы, на которые указывают указатели, не связаны; для преобразования требуется reinterpret_cast, приведение в стиле С или приведение в стиле функции
     1>d:\учеба\программирование\проекты c++\уп4\уп4\main.cpp(41): error C2440: =: невозможно преобразовать "char [8]" в "LPCWSTR"
                 Типы, на которые указывают указатели, не связаны; для преобразования требуется reinterpret_cast, приведение в стиле С или приведение в стиле функции
     1>d:\учеба\программирование\проекты c++\уп4\уп4\main.cpp(51): error C2664: CreateWindowExW: невозможно преобразовать параметр 2 из "char [8]" в "LPCWSTR"
                 Типы, на которые указывают указатели, не связаны; для преобразования требуется reinterpret_cast, приведение в стиле С или приведение в стиле функции
     1>d:\учеба\программирование\проекты c++\уп4\уп4\main.cpp(77): warning C4244: аргумент: преобразование "double" в "int", возможна потеря данных
     1>d:\учеба\программирование\проекты c++\уп4\уп4\main.cpp(77): warning C4244: аргумент: преобразование "double" в "int", возможна потеря данных
     1>d:\учеба\программирование\проекты c++\уп4\уп4\main.cpp(96): error C2664: MessageBoxW: невозможно преобразовать параметр 2 из "const char [38]" в "LPCWSTR"
                 Типы, на которые указывают указатели, не связаны; для преобразования требуется reinterpret_cast, приведение в стиле С или приведение в стиле функции
     1>d:\учеба\программирование\проекты c++\уп4\уп4\main.cpp(99): error C2664: MessageBoxW: невозможно преобразовать параметр 2 из "const char [218]" в "LPCWSTR"
                 Типы, на которые указывают указатели, не связаны; для преобразования требуется reinterpret_cast, приведение в стиле С или приведение в стиле функции
     1>d:\учеба\программирование\проекты c++\уп4\уп4\main.cpp(107): error C2664: MessageBoxW: невозможно преобразовать параметр 2 из "const char [8]" в "LPCWSTR"
                 Типы, на которые указывают указатели, не связаны; для преобразования требуется reinterpret_cast, приведение в стиле С или приведение в стиле функции
     1>d:\учеба\программирование\проекты c++\уп4\уп4\main.cpp(123): warning C4244: аргумент: преобразование "double" в "int", возможна потеря данных
     1>d:\учеба\программирование\проекты c++\уп4\уп4\main.cpp(123): warning C4244: аргумент: преобразование "double" в "int", возможна потеря данных
     1>d:\учеба\программирование\проекты c++\уп4\уп4\main.cpp(130): error C2664: CreateFileW: невозможно преобразовать параметр 1 из "const char [10]" в "LPCWSTR"
                 Типы, на которые указывают указатели, не связаны; для преобразования требуется reinterpret_cast, приведение в стиле С или приведение в стиле функции
     1>d:\учеба\программирование\проекты c++\уп4\уп4\main.cpp(137): error C2664: MessageBoxW: невозможно преобразовать параметр 2 из "const char [24]" в "LPCWSTR"
                 Типы, на которые указывают указатели, не связаны; для преобразования требуется reinterpret_cast, приведение в стиле С или приведение в стиле функции
     1>d:\учеба\программирование\проекты c++\уп4\уп4\main.cpp(140): error C2664: CreateFileW: невозможно преобразовать параметр 1 из "const char [10]" в "LPCWSTR"
                 Типы, на которые указывают указатели, не связаны; для преобразования требуется reinterpret_cast, приведение в стиле С или приведение в стиле функции
     1>d:\учеба\программирование\проекты c++\уп4\уп4\main.cpp(147): error C2664: MessageBoxW: невозможно преобразовать параметр 2 из "const char [24]" в "LPCWSTR"
                 Типы, на которые указывают указатели, не связаны; для преобразования требуется reinterpret_cast, приведение в стиле С или приведение в стиле функции
     1>d:\учеба\программирование\проекты c++\уп4\уп4\main.cpp(151): warning C4244: аргумент: преобразование "double" в "int", возможна потеря данных
     1>d:\учеба\программирование\проекты c++\уп4\уп4\main.cpp(151): warning C4244: аргумент: преобразование "double" в "int", возможна потеря данных
     1>d:\учеба\программирование\проекты c++\уп4\уп4\main.cpp(159): error C2664: CreateFileW: невозможно преобразовать параметр 1 из "const char [10]" в "LPCWSTR"
                 Типы, на которые указывают указатели, не связаны; для преобразования требуется reinterpret_cast, приведение в стиле С или приведение в стиле функции
     1>d:\учеба\программирование\проекты c++\уп4\уп4\main.cpp(166): error C2664: MessageBoxW: невозможно преобразовать параметр 2 из "const char [24]" в "LPCWSTR"
                 Типы, на которые указывают указатели, не связаны; для преобразования требуется reinterpret_cast, приведение в стиле С или приведение в стиле функции
     1>d:\учеба\программирование\проекты c++\уп4\уп4\main.cpp(169): error C2664: CreateFileW: невозможно преобразовать параметр 1 из "const char [10]" в "LPCWSTR"
                 Типы, на которые указывают указатели, не связаны; для преобразования требуется reinterpret_cast, приведение в стиле С или приведение в стиле функции
     1>d:\учеба\программирование\проекты c++\уп4\уп4\main.cpp(176): error C2664: MessageBoxW: невозможно преобразовать параметр 2 из "const char [24]" в "LPCWSTR"
                 Типы, на которые указывают указатели, не связаны; для преобразования требуется reinterpret_cast, приведение в стиле С или приведение в стиле функции
     1>d:\учеба\программирование\проекты c++\уп4\уп4\main.cpp(182): error C2664: CreateFileW: невозможно преобразовать параметр 1 из "const char [10]" в "LPCWSTR"
                 Типы, на которые указывают указатели, не связаны; для преобразования требуется reinterpret_cast, приведение в стиле С или приведение в стиле функции
     1>d:\учеба\программирование\проекты c++\уп4\уп4\main.cpp(189): error C2664: MessageBoxW: невозможно преобразовать параметр 2 из "const char [24]" в "LPCWSTR"
                 Типы, на которые указывают указатели, не связаны; для преобразования требуется reinterpret_cast, приведение в стиле С или приведение в стиле функции
     1>d:\учеба\программирование\проекты c++\уп4\уп4\main.cpp(192): error C2664: CreateFileW: невозможно преобразовать параметр 1 из "const char [10]" в "LPCWSTR"
                 Типы, на которые указывают указатели, не связаны; для преобразования требуется reinterpret_cast, приведение в стиле С или приведение в стиле функции
     1>d:\учеба\программирование\проекты c++\уп4\уп4\main.cpp(199): error C2664: MessageBoxW: невозможно преобразовать параметр 2 из "const char [24]" в "LPCWSTR"
                 Типы, на которые указывают указатели, не связаны; для преобразования требуется reinterpret_cast, приведение в стиле С или приведение в стиле функции
     1>d:\учеба\программирование\проекты c++\уп4\уп4\main.cpp(205): error C2664: CreateFileW: невозможно преобразовать параметр 1 из "const char [10]" в "LPCWSTR"
                 Типы, на которые указывают указатели, не связаны; для преобразования требуется reinterpret_cast, приведение в стиле С или приведение в стиле функции
     1>d:\учеба\программирование\проекты c++\уп4\уп4\main.cpp(212): error C2664: MessageBoxW: невозможно преобразовать параметр 2 из "const char [24]" в "LPCWSTR"
                 Типы, на которые указывают указатели, не связаны; для преобразования требуется reinterpret_cast, приведение в стиле С или приведение в стиле функции
     1>d:\учеба\программирование\проекты c++\уп4\уп4\main.cpp(215): error C2664: CreateFileW: невозможно преобразовать параметр 1 из "const char [10]" в "LPCWSTR"
                 Типы, на которые указывают указатели, не связаны; для преобразования требуется reinterpret_cast, приведение в стиле С или приведение в стиле функции
     1>d:\учеба\программирование\проекты c++\уп4\уп4\main.cpp(222): error C2664: MessageBoxW: невозможно преобразовать параметр 2 из "const char [24]" в "LPCWSTR"
                 Типы, на которые указывают указатели, не связаны; для преобразования требуется reinterpret_cast, приведение в стиле С или приведение в стиле функции
     1>d:\учеба\программирование\проекты c++\уп4\уп4\main.cpp(228): error C2664: CreateFileW: невозможно преобразовать параметр 1 из "const char [10]" в "LPCWSTR"
                 Типы, на которые указывают указатели, не связаны; для преобразования требуется reinterpret_cast, приведение в стиле С или приведение в стиле функции
     1>d:\учеба\программирование\проекты c++\уп4\уп4\main.cpp(235): error C2664: MessageBoxW: невозможно преобразовать параметр 2 из "const char [24]" в "LPCWSTR"
                 Типы, на которые указывают указатели, не связаны; для преобразования требуется reinterpret_cast, приведение в стиле С или приведение в стиле функции
     1>d:\учеба\программирование\проекты c++\уп4\уп4\main.cpp(238): error C2664: CreateFileW: невозможно преобразовать параметр 1 из "const char [10]" в "LPCWSTR"
                 Типы, на которые указывают указатели, не связаны; для преобразования требуется reinterpret_cast, приведение в стиле С или приведение в стиле функции
     1>d:\учеба\программирование\проекты c++\уп4\уп4\main.cpp(245): error C2664: MessageBoxW: невозможно преобразовать параметр 2 из "const char [24]" в "LPCWSTR"
                 Типы, на которые указывают указатели, не связаны; для преобразования требуется reinterpret_cast, приведение в стиле С или приведение в стиле функции
     1>d:\учеба\программирование\проекты c++\уп4\уп4\main.cpp(270): error C2664: TextOutW: невозможно преобразовать параметр 4 из "char [2]" в "LPCWSTR"
                 Типы, на которые указывают указатели, не связаны; для преобразования требуется reinterpret_cast, приведение в стиле С или приведение в стиле функции
     1>d:\учеба\программирование\проекты c++\уп4\уп4\main.cpp(277): error C2664: MessageBoxW: невозможно преобразовать параметр 2 из "const char [8]" в "LPCWSTR"
                 Типы, на которые указывают указатели, не связаны; для преобразования требуется reinterpret_cast, приведение в стиле С или приведение в стиле функции
     1>d:\учеба\программирование\проекты c++\уп4\уп4\main.cpp(283): warning C4244: аргумент: преобразование "double" в "int", возможна потеря данных
     1>d:\учеба\программирование\проекты c++\уп4\уп4\main.cpp(283): warning C4244: аргумент: преобразование "double" в "int", возможна потеря данных
     1>d:\учеба\программирование\проекты c++\уп4\уп4\main.cpp(283): warning C4244: аргумент: преобразование "double" в "int", возможна потеря данных
     1>d:\учеба\программирование\проекты c++\уп4\уп4\main.cpp(283): warning C4244: аргумент: преобразование "double" в "int", возможна потеря данных
     1>d:\учеба\программирование\проекты c++\уп4\уп4\main.cpp(301): warning C4244: аргумент: преобразование "double" в "int", возможна потеря данных
     1>d:\учеба\программирование\проекты c++\уп4\уп4\main.cpp(301): warning C4244: аргумент: преобразование "double" в "int", возможна потеря данных
     1>d:\учеба\программирование\проекты c++\уп4\уп4\main.cpp(301): warning C4244: аргумент: преобразование "double" в "int", возможна потеря данных
     1>d:\учеба\программирование\проекты c++\уп4\уп4\main.cpp(301): warning C4244: аргумент: преобразование "double" в "int", возможна потеря данных
     1>d:\учеба\программирование\проекты c++\уп4\уп4\main.cpp(307): warning C4244: аргумент: преобразование "double" в "int", возможна потеря данных
     1>d:\учеба\программирование\проекты c++\уп4\уп4\main.cpp(307): warning C4244: аргумент: преобразование "double" в "int", возможна потеря данных
     1>d:\учеба\программирование\проекты c++\уп4\уп4\main.cpp(307): warning C4244: аргумент: преобразование "double" в "int", возможна потеря данных
     1>d:\учеба\программирование\проекты c++\уп4\уп4\main.cpp(307): warning C4244: аргумент: преобразование "double" в "int", возможна потеря данных
     1>d:\учеба\программирование\проекты c++\уп4\уп4\main.cpp(310): warning C4244: =: преобразование "double" в "int", возможна потеря данных
     1>d:\учеба\программирование\проекты c++\уп4\уп4\main.cpp(310): warning C4244: =: преобразование "double" в "int", возможна потеря данных
     1>d:\учеба\программирование\проекты c++\уп4\уп4\main.cpp(325): warning C4244: аргумент: преобразование "double" в "int", возможна потеря данных
     1>d:\учеба\программирование\проекты c++\уп4\уп4\main.cpp(326): warning C4244: аргумент: преобразование "double" в "int", возможна потеря данных
     1>d:\учеба\программирование\проекты c++\уп4\уп4\main.cpp(326): warning C4244: аргумент: преобразование "double" в "int", возможна потеря данных
     1>d:\учеба\программирование\проекты c++\уп4\уп4\main.cpp(332): warning C4244: аргумент: преобразование "double" в "int", возможна потеря данных
     1>d:\учеба\программирование\проекты c++\уп4\уп4\main.cpp(333): warning C4244: аргумент: преобразование "double" в "int", возможна потеря данных
     1>d:\учеба\программирование\проекты c++\уп4\уп4\main.cpp(333): warning C4244: аргумент: преобразование "double" в "int", возможна потеря данных
     1>d:\учеба\программирование\проекты c++\уп4\уп4\main.cpp(337): warning C4244: аргумент: преобразование "double" в "int", возможна потеря данных
     1>d:\учеба\программирование\проекты c++\уп4\уп4\main.cpp(337): warning C4244: аргумент: преобразование "double" в "int", возможна потеря данных
         Создание кода...
     1>Построение проекта "D:\Учеба\Программирование\Проекты c++\УП4\УП4\УП4.vcxproj" завершено (целевые объекты build) с ошибкой.

СБОЙ построения.

Затраченное время: 00:00:01.98
