Построение начато 22.09.2018 0:21:08.
     1>Проект "D:\Учеба\Программирование\Проекты c++\9\9\9.vcxproj" в узле 2 (целевые объекты build).
     1>InitializeBuildStatus:
         Создание "Debug\9.unsuccessfulbuild", так как было задано "AlwaysCreate".
       ClCompile:
         D:\Program Files\Microsoft Visual Studio 10.0\VC\bin\CL.exe /c /ZI /nologo /W3 /WX- /Od /Oy- /D _MBCS /Gm /EHsc /RTC1 /MDd /GS /fp:precise /Zc:wchar_t /Zc:forScope /Fo"Debug\\" /Fd"Debug\vc100.pdb" /Gd /TP /analyze- /errorReport:prompt "Main (String).cpp"
         Main (String).cpp
     1>d:\учеба\программирование\проекты c++\9\9\main (string).cpp(7): warning C4101: q: неиспользованная локальная переменная
       Link:
         D:\Program Files\Microsoft Visual Studio 10.0\VC\bin\link.exe /ERRORREPORT:PROMPT /OUT:"D:\Учеба\Программирование\Проекты c++\9\Debug\9.exe" /NOLOGO kernel32.lib user32.lib gdi32.lib winspool.lib comdlg32.lib advapi32.lib shell32.lib ole32.lib oleaut32.lib uuid.lib odbc32.lib odbccp32.lib /MANIFEST /ManifestFile:"Debug\9.exe.intermediate.manifest" /MANIFESTUAC:"level='asInvoker' uiAccess='false'" /DEBUG /PDB:"D:\Учеба\Программирование\Проекты c++\9\Debug\9.pdb" /TLBID:1 /DYNAMICBASE /NXCOMPAT /IMPLIB:"D:\Учеба\Программирование\Проекты c++\9\Debug\9.lib" /MACHINE:X86 "Debug\Main (String).obj"
         LINK : не найден или не выполнена сборка D:\Учеба\Программирование\Проекты c++\9\Debug\9.exe при последней инкрементной компоновке; выполняется полная компоновка
         9.vcxproj -> D:\Учеба\Программирование\Проекты c++\9\Debug\9.exe
       Manifest:
         C:\Program Files (x86)\Microsoft SDKs\Windows\v7.0A\bin\mt.exe /nologo /verbose /outputresource:"D:\Учеба\Программирование\Проекты c++\9\Debug\9.exe;#1" /manifest Debug\9.exe.intermediate.manifest
       FinalizeBuildStatus:
         Файл "Debug\9.unsuccessfulbuild" удаляется.
         Обращение к "Debug\9.lastbuildstate".
     1>Построение проекта "D:\Учеба\Программирование\Проекты c++\9\9\9.vcxproj" завершено (целевые объекты build).

Построение успешно завершено.

Затраченное время: 00:00:00.70
