Build started 19.10.2022 16:07:41.
     1>Project "D:\Учеба\Программирование\Проекты c++\iism\iism\iism.vcxproj" on node 2 (build target(s)).
     1>InitializeBuildStatus:
         Creating "Debug\iism.unsuccessfulbuild" because "AlwaysCreate" was specified.
       ClCompile:
         d:\Program Files (x86)\Microsoft Visual Studio 10.0\VC\bin\CL.exe /c /ZI /nologo /W3 /WX- /Od /Oy- /D _MBCS /Gm /EHsc /RTC1 /MDd /GS /fp:precise /Zc:wchar_t /Zc:forScope /Fo"Debug\\" /Fd"Debug\vc100.pdb" /Gd /TP /analyze- /errorReport:prompt main.cpp
         main.cpp
     1>d:\учеба\программирование\проекты c++\iism\iism\main.cpp(41): warning C4244: '=' : conversion from 'double' to 'int', possible loss of data
     1>d:\учеба\программирование\проекты c++\iism\iism\main.cpp(10): warning C4101: 'j' : unreferenced local variable
       Link:
         d:\Program Files (x86)\Microsoft Visual Studio 10.0\VC\bin\link.exe /ERRORREPORT:PROMPT /OUT:"D:\Учеба\Программирование\Проекты c++\iism\Debug\iism.exe" /NOLOGO kernel32.lib user32.lib gdi32.lib winspool.lib comdlg32.lib advapi32.lib shell32.lib ole32.lib oleaut32.lib uuid.lib odbc32.lib odbccp32.lib /MANIFEST /ManifestFile:"Debug\iism.exe.intermediate.manifest" /MANIFESTUAC:"level='asInvoker' uiAccess='false'" /DEBUG /PDB:"D:\Учеба\Программирование\Проекты c++\iism\Debug\iism.pdb" /TLBID:1 /DYNAMICBASE /NXCOMPAT /IMPLIB:"D:\Учеба\Программирование\Проекты c++\iism\Debug\iism.lib" /MACHINE:X86 Debug\fun.obj
         Debug\main.obj
         LINK : D:\Учеба\Программирование\Проекты c++\iism\Debug\iism.exe not found or not built by the last incremental link; performing full link
         iism.vcxproj -> D:\Учеба\Программирование\Проекты c++\iism\Debug\iism.exe
       Manifest:
         C:\Program Files (x86)\Microsoft SDKs\Windows\v7.0A\bin\mt.exe /nologo /verbose /outputresource:"D:\Учеба\Программирование\Проекты c++\iism\Debug\iism.exe;#1" /manifest Debug\iism.exe.intermediate.manifest
       FinalizeBuildStatus:
         Deleting file "Debug\iism.unsuccessfulbuild".
         Touching "Debug\iism.lastbuildstate".
     1>Done Building Project "D:\Учеба\Программирование\Проекты c++\iism\iism\iism.vcxproj" (build target(s)).

Build succeeded.

Time Elapsed 00:00:00.90
