Построение начато 19.09.2018 17:29:21.
     1>Проект "D:\Учеба\Программирование\Проекты c++\ashita\ashita\ashita.vcxproj" в узле 2 (целевые объекты build).
     1>InitializeBuildStatus:
         Создание "Debug\ashita.unsuccessfulbuild", так как было задано "AlwaysCreate".
       GenerateTargetFrameworkMonikerAttribute:
       Целевой объект "GenerateTargetFrameworkMonikerAttribute" пропускается, так как все выходные файлы актуальны по отношению к входным.
       ClCompile:
         D:\Program Files\Microsoft Visual Studio 10.0\VC\bin\CL.exe /c /AI"C:\Program Files (x86)\Reference Assemblies\Microsoft\Framework\.NETFramework\v4.0" /Zi /clr:pure /nologo /W3 /WX- /Od /Oy- /D WIN32 /D _DEBUG /D _UNICODE /D UNICODE /EHa /MDd /GS /fp:precise /Zc:wchar_t /Zc:forScope /Yc"StdAfx.h" /Fp"Debug\ashita.pch" /Fo"Debug\\" /Fd"Debug\vc100.pdb" /TP /FU"C:\Program Files (x86)\Reference Assemblies\Microsoft\Framework\.NETFramework\v4.0\System.Core.dll" /FU"C:\Program Files (x86)\Reference Assemblies\Microsoft\Framework\.NETFramework\v4.0\System.Data.dll" /FU"C:\Program Files (x86)\Reference Assemblies\Microsoft\Framework\.NETFramework\v4.0\System.dll" /FU"C:\Program Files (x86)\Reference Assemblies\Microsoft\Framework\.NETFramework\v4.0\System.Drawing.dll" /FU"C:\Program Files (x86)\Reference Assemblies\Microsoft\Framework\.NETFramework\v4.0\System.Windows.Forms.dll" /FU"C:\Program Files (x86)\Reference Assemblies\Microsoft\Framework\.NETFramework\v4.0\System.Xml.dll" /analyze- /errorReport:prompt stdafx.cpp /clr:nostdlib 
         stdafx.cpp
         D:\Program Files\Microsoft Visual Studio 10.0\VC\bin\CL.exe /c /AI"C:\Program Files (x86)\Reference Assemblies\Microsoft\Framework\.NETFramework\v4.0" /Zi /clr:pure /nologo /W3 /WX- /Od /Oy- /D WIN32 /D _DEBUG /D _UNICODE /D UNICODE /EHa /MDd /GS /fp:precise /Zc:wchar_t /Zc:forScope /Yu"StdAfx.h" /Fp"Debug\ashita.pch" /Fo"Debug\\" /Fd"Debug\vc100.pdb" /TP /FU"C:\Program Files (x86)\Reference Assemblies\Microsoft\Framework\.NETFramework\v4.0\System.Core.dll" /FU"C:\Program Files (x86)\Reference Assemblies\Microsoft\Framework\.NETFramework\v4.0\System.Data.dll" /FU"C:\Program Files (x86)\Reference Assemblies\Microsoft\Framework\.NETFramework\v4.0\System.dll" /FU"C:\Program Files (x86)\Reference Assemblies\Microsoft\Framework\.NETFramework\v4.0\System.Drawing.dll" /FU"C:\Program Files (x86)\Reference Assemblies\Microsoft\Framework\.NETFramework\v4.0\System.Windows.Forms.dll" /FU"C:\Program Files (x86)\Reference Assemblies\Microsoft\Framework\.NETFramework\v4.0\System.Xml.dll" /analyze- /errorReport:prompt AssemblyInfo.cpp MyForm.cpp /clr:nostdlib 
         AssemblyInfo.cpp
         MyForm.cpp
     1>d:\учеба\программирование\проекты c++\ashita\ashita\Form1.h(24): warning C4244: аргумент: преобразование "time_t" в "unsigned int", возможна потеря данных
     1>d:\учеба\программирование\проекты c++\ashita\ashita\Form1.h(365): warning C4244: аргумент: преобразование "double" в "const int", возможна потеря данных
     1>d:\учеба\программирование\проекты c++\ashita\ashita\Form1.h(372): warning C4244: аргумент: преобразование "double" в "const int", возможна потеря данных
     1>d:\учеба\программирование\проекты c++\ashita\ashita\Form1.h(376): warning C4244: аргумент: преобразование "double" в "const int", возможна потеря данных
     1>D:\Program Files\Microsoft Visual Studio 10.0\VC\include\xmemory(208): warning C4244: инициализация: преобразование "double" в "int", возможна потеря данных
                 D:\Program Files\Microsoft Visual Studio 10.0\VC\include\xmemory(280): см. ссылку на создание экземпляров функции шаблон при компиляции "void std::allocator<_Ty>::construct<double>(int *,_Other &&)"
                 with
                 [
                     _Ty=int,
                     _Other=double
                 ]
                 D:\Program Files\Microsoft Visual Studio 10.0\VC\include\xtree(592): см. ссылку на создание экземпляров функции шаблон при компиляции "void std::_Cons_val<std::allocator<_Ty>,_Ty,double>(_Alloc &,_Ty1 *,_Ty2 &&)"
                 with
                 [
                     _Ty=int,
                     _Alloc=std::allocator<int>,
                     _Ty1=int,
                     _Ty2=double
                 ]
                 D:\Program Files\Microsoft Visual Studio 10.0\VC\include\xtree(755): см. ссылку на создание экземпляров функции шаблон при компиляции "std::_Tree_nod<_Traits>::_Node *std::_Tree_val<_Traits>::_Buynode<_Ty>(_Valty &&)"
                 with
                 [
                     _Traits=std::_Tset_traits<int,std::less<int>,std::allocator<int>,true>,
                     _Ty=double,
                     _Valty=double
                 ]
                 D:\Program Files\Microsoft Visual Studio 10.0\VC\include\set(292): см. ссылку на создание экземпляров функции шаблон при компиляции "std::pair<_Ty1,_Ty2> std::_Tree<_Traits>::insert<_Ty>(_Valty &&)"
                 with
                 [
                     _Ty1=std::_Tree_const_iterator<std::_Tree_val<std::_Tset_traits<int,std::less<int>,std::allocator<int>,true>>>,
                     _Ty2=bool,
                     _Traits=std::_Tset_traits<int,std::less<int>,std::allocator<int>,true>,
                     _Ty=double,
                     _Valty=double
                 ]
                 d:\учеба\программирование\проекты c++\ashita\ashita\Form1.h(361): см. ссылку на создание экземпляров функции шаблон при компиляции "std::_Tree_const_iterator<_Mytree> std::multiset<_Kty>::insert<double>(_Valty &&)"
                 with
                 [
                     _Mytree=std::_Tree_val<std::_Tset_traits<int,std::less<int>,std::allocator<int>,true>>,
                     _Kty=int,
                     _Valty=double
                 ]
         Создание кода...
         D:\Program Files\Microsoft Visual Studio 10.0\VC\bin\CL.exe /c /Zi /clr:pure /nologo /W3 /WX- /Od /Oy- /D WIN32 /D _DEBUG /D _UNICODE /D UNICODE /EHa /MDd /GS /fp:precise /Zc:wchar_t /Zc:forScope /Fo"Debug\\" /Fd"Debug\vc100.pdb" /TP /analyze- /errorReport:prompt "C:\Users\Brian\AppData\Local\Temp\.NETFramework,Version=v4.0.AssemblyAttributes.cpp"
         .NETFramework,Version=v4.0.AssemblyAttributes.cpp
       CoreResGen:
         "C:\Program Files (x86)\Microsoft SDKs\Windows\v7.0A\bin\NETFX 4.0 Tools\resgen.exe" /useSourcePath /r:"C:\Program Files (x86)\Reference Assemblies\Microsoft\Framework\.NETFramework\v4.0\System.Core.dll" /r:"C:\Program Files (x86)\Reference Assemblies\Microsoft\Framework\.NETFramework\v4.0\System.Data.dll" /r:"C:\Program Files (x86)\Reference Assemblies\Microsoft\Framework\.NETFramework\v4.0\System.dll" /r:"C:\Program Files (x86)\Reference Assemblies\Microsoft\Framework\.NETFramework\v4.0\System.Drawing.dll" /r:"C:\Program Files (x86)\Reference Assemblies\Microsoft\Framework\.NETFramework\v4.0\System.Windows.Forms.dll" /r:"C:\Program Files (x86)\Reference Assemblies\Microsoft\Framework\.NETFramework\v4.0\System.Xml.dll" /compile Form1.resX,Debug\ashita.Form1.resources
         Обрабатывается файл ресурсов "Form1.resX", результирующий объект: "Debug\ashita.Form1.resources".
       ResourceCompile:
         Для всех выходных данных обновления не требуется.
       Link:
         D:\Program Files\Microsoft Visual Studio 10.0\VC\bin\link.exe /ERRORREPORT:PROMPT /OUT:"D:\Учеба\Программирование\Проекты c++\ashita\Debug\ashita.exe" /INCREMENTAL /NOLOGO /ASSEMBLYRESOURCE:Debug\ashita.Form1.resources /MANIFEST /ManifestFile:"Debug\ashita.exe.intermediate.manifest" /MANIFESTUAC:"level='asInvoker' uiAccess='false'" /DEBUG /PDB:"D:\Учеба\Программирование\Проекты c++\ashita\Debug\ashita.pdb" /ASSEMBLYDEBUG /SUBSYSTEM:WINDOWS /TLBID:1 /ENTRY:"main" /DYNAMICBASE /FIXED:NO /NXCOMPAT /MACHINE:X86 Debug\app.res
         Debug\MyForm.obj
         Debug\AssemblyInfo.obj
         Debug\stdafx.obj
         "Debug\.NETFramework,Version=v4.0.AssemblyAttributes.obj"
         ashita.vcxproj -> D:\Учеба\Программирование\Проекты c++\ashita\Debug\ashita.exe
       Manifest:
         C:\Program Files (x86)\Microsoft SDKs\Windows\v7.0A\bin\mt.exe /nologo /verbose /outputresource:"D:\Учеба\Программирование\Проекты c++\ashita\Debug\ashita.exe;#1" /manifest Debug\ashita.exe.intermediate.manifest
       FinalizeBuildStatus:
         Файл "Debug\ashita.unsuccessfulbuild" удаляется.
         Обращение к "Debug\ashita.lastbuildstate".
     1>Построение проекта "D:\Учеба\Программирование\Проекты c++\ashita\ashita\ashita.vcxproj" завершено (целевые объекты build).

Построение успешно завершено.

Затраченное время: 00:00:02.14
