Построение начато 20.09.2018 6:54:33.
     1>Проект "D:\Учеба\Программирование\Проекты c++\№4\№4\№4.vcxproj" в узле 2 (целевые объекты build).
     1>InitializeBuildStatus:
         Обращение к "Debug\№4.unsuccessfulbuild".
       ClCompile:
         D:\Program Files\Microsoft Visual Studio 10.0\VC\bin\CL.exe /c /ZI /nologo /W3 /WX- /Od /Oy- /D _UNICODE /D UNICODE /Gm /EHsc /RTC1 /MDd /GS /fp:precise /Zc:wchar_t /Zc:forScope /Fo"Debug\\" /Fd"Debug\vc100.pdb" /Gd /TP /analyze- /errorReport:prompt 4.cpp
         4.cpp
     1>d:\учеба\программирование\проекты c++\№4\№4\4.cpp(28): error C2440: =: невозможно преобразовать "char [9]" в "LPCWSTR"
                 Типы, на которые указывают указатели, не связаны; для преобразования требуется reinterpret_cast, приведение в стиле С или приведение в стиле функции
     1>d:\учеба\программирование\проекты c++\№4\№4\4.cpp(37): error C2664: CreateWindowExW: невозможно преобразовать параметр 2 из "char [9]" в "LPCWSTR"
                 Типы, на которые указывают указатели, не связаны; для преобразования требуется reinterpret_cast, приведение в стиле С или приведение в стиле функции
     1>d:\учеба\программирование\проекты c++\№4\№4\4.cpp(43): error C2664: CreateWindowExW: невозможно преобразовать параметр 2 из "const char [7]" в "LPCWSTR"
                 Типы, на которые указывают указатели, не связаны; для преобразования требуется reinterpret_cast, приведение в стиле С или приведение в стиле функции
     1>d:\учеба\программирование\проекты c++\№4\№4\4.cpp(46): error C2664: CreateWindowExW: невозможно преобразовать параметр 2 из "const char [7]" в "LPCWSTR"
                 Типы, на которые указывают указатели, не связаны; для преобразования требуется reinterpret_cast, приведение в стиле С или приведение в стиле функции
     1>d:\учеба\программирование\проекты c++\№4\№4\4.cpp(49): error C2664: CreateWindowExW: невозможно преобразовать параметр 2 из "const char [7]" в "LPCWSTR"
                 Типы, на которые указывают указатели, не связаны; для преобразования требуется reinterpret_cast, приведение в стиле С или приведение в стиле функции
     1>d:\учеба\программирование\проекты c++\№4\№4\4.cpp(52): error C2664: CreateWindowExW: невозможно преобразовать параметр 2 из "const char [7]" в "LPCWSTR"
                 Типы, на которые указывают указатели, не связаны; для преобразования требуется reinterpret_cast, приведение в стиле С или приведение в стиле функции
     1>d:\учеба\программирование\проекты c++\№4\№4\4.cpp(54): error C2664: CreateWindowExW: невозможно преобразовать параметр 2 из "const char [5]" в "LPCWSTR"
                 Типы, на которые указывают указатели, не связаны; для преобразования требуется reinterpret_cast, приведение в стиле С или приведение в стиле функции
     1>d:\учеба\программирование\проекты c++\№4\№4\4.cpp(105): error C2664: MessageBoxW: невозможно преобразовать параметр 2 из "const char [11]" в "LPCWSTR"
                 Типы, на которые указывают указатели, не связаны; для преобразования требуется reinterpret_cast, приведение в стиле С или приведение в стиле функции
     1>d:\учеба\программирование\проекты c++\№4\№4\4.cpp(120): error C2664: MessageBoxW: невозможно преобразовать параметр 2 из "const char [11]" в "LPCWSTR"
                 Типы, на которые указывают указатели, не связаны; для преобразования требуется reinterpret_cast, приведение в стиле С или приведение в стиле функции
     1>d:\учеба\программирование\проекты c++\№4\№4\4.cpp(136): error C2664: TextOutW: невозможно преобразовать параметр 4 из "const char [5]" в "LPCWSTR"
                 Типы, на которые указывают указатели, не связаны; для преобразования требуется reinterpret_cast, приведение в стиле С или приведение в стиле функции
     1>d:\учеба\программирование\проекты c++\№4\№4\4.cpp(146): error C2664: TextOutW: невозможно преобразовать параметр 4 из "char [50]" в "LPCWSTR"
                 Типы, на которые указывают указатели, не связаны; для преобразования требуется reinterpret_cast, приведение в стиле С или приведение в стиле функции
     1>d:\учеба\программирование\проекты c++\№4\№4\4.cpp(153): error C2664: TextOutW: невозможно преобразовать параметр 4 из "char [50]" в "LPCWSTR"
                 Типы, на которые указывают указатели, не связаны; для преобразования требуется reinterpret_cast, приведение в стиле С или приведение в стиле функции
     1>d:\учеба\программирование\проекты c++\№4\№4\4.cpp(160): error C2664: TextOutW: невозможно преобразовать параметр 4 из "char [50]" в "LPCWSTR"
                 Типы, на которые указывают указатели, не связаны; для преобразования требуется reinterpret_cast, приведение в стиле С или приведение в стиле функции
     1>d:\учеба\программирование\проекты c++\№4\№4\4.cpp(164): error C2664: TextOutW: невозможно преобразовать параметр 4 из "const char [12]" в "LPCWSTR"
                 Типы, на которые указывают указатели, не связаны; для преобразования требуется reinterpret_cast, приведение в стиле С или приведение в стиле функции
     1>d:\учеба\программирование\проекты c++\№4\№4\4.cpp(165): error C2664: TextOutW: невозможно преобразовать параметр 4 из "const char [13]" в "LPCWSTR"
                 Типы, на которые указывают указатели, не связаны; для преобразования требуется reinterpret_cast, приведение в стиле С или приведение в стиле функции
     1>d:\учеба\программирование\проекты c++\№4\№4\4.cpp(179): error C2664: MessageBoxW: невозможно преобразовать параметр 2 из "const char [29]" в "LPCWSTR"
                 Типы, на которые указывают указатели, не связаны; для преобразования требуется reinterpret_cast, приведение в стиле С или приведение в стиле функции
     1>Построение проекта "D:\Учеба\Программирование\Проекты c++\№4\№4\№4.vcxproj" завершено (целевые объекты build) с ошибкой.

СБОЙ построения.

Затраченное время: 00:00:00.48
