Build started 04.04.2022 9:34:54.
     1>Project "D:\Учеба\Программирование\Проекты c++\mikozlab1\mikozlab1\mikozlab1.vcxproj" on node 2 (build target(s)).
     1>InitializeBuildStatus:
         Creating "Debug\mikozlab1.unsuccessfulbuild" because "AlwaysCreate" was specified.
       ClCompile:
         d:\Program Files (x86)\Microsoft Visual Studio 10.0\VC\bin\CL.exe /c /ZI /nologo /W3 /WX- /Od /Oy- /D _MBCS /Gm /EHsc /RTC1 /MDd /GS /fp:precise /Zc:wchar_t /Zc:forScope /Fo"Debug\\" /Fd"Debug\vc100.pdb" /Gd /TP /analyze- /errorReport:prompt main.cpp
         main.cpp
     1>d:\учеба\программирование\проекты c++\mikozlab1\mikozlab1\main.cpp(35): warning C4018: '<' : signed/unsigned mismatch
     1>d:\учеба\программирование\проекты c++\mikozlab1\mikozlab1\main.cpp(29): warning C4101: 'k' : unreferenced local variable
     1>d:\учеба\программирование\проекты c++\mikozlab1\mikozlab1\main.cpp(64): warning C4018: '<' : signed/unsigned mismatch
     1>d:\учеба\программирование\проекты c++\mikozlab1\mikozlab1\main.cpp(66): warning C4018: '>=' : signed/unsigned mismatch
     1>d:\учеба\программирование\проекты c++\mikozlab1\mikozlab1\main.cpp(76): warning C4018: '<' : signed/unsigned mismatch
       Link:
         d:\Program Files (x86)\Microsoft Visual Studio 10.0\VC\bin\link.exe /ERRORREPORT:PROMPT /OUT:"D:\Учеба\Программирование\Проекты c++\mikozlab1\Debug\mikozlab1.exe" /NOLOGO kernel32.lib user32.lib gdi32.lib winspool.lib comdlg32.lib advapi32.lib shell32.lib ole32.lib oleaut32.lib uuid.lib odbc32.lib odbccp32.lib /MANIFEST /ManifestFile:"Debug\mikozlab1.exe.intermediate.manifest" /MANIFESTUAC:"level='asInvoker' uiAccess='false'" /DEBUG /PDB:"D:\Учеба\Программирование\Проекты c++\mikozlab1\Debug\mikozlab1.pdb" /TLBID:1 /DYNAMICBASE /NXCOMPAT /IMPLIB:"D:\Учеба\Программирование\Проекты c++\mikozlab1\Debug\mikozlab1.lib" /MACHINE:X86 Debug\main.obj
         LINK : D:\Учеба\Программирование\Проекты c++\mikozlab1\Debug\mikozlab1.exe not found or not built by the last incremental link; performing full link
         mikozlab1.vcxproj -> D:\Учеба\Программирование\Проекты c++\mikozlab1\Debug\mikozlab1.exe
       Manifest:
         C:\Program Files (x86)\Microsoft SDKs\Windows\v7.0A\bin\mt.exe /nologo /verbose /outputresource:"D:\Учеба\Программирование\Проекты c++\mikozlab1\Debug\mikozlab1.exe;#1" /manifest Debug\mikozlab1.exe.intermediate.manifest
       FinalizeBuildStatus:
         Deleting file "Debug\mikozlab1.unsuccessfulbuild".
         Touching "Debug\mikozlab1.lastbuildstate".
     1>Done Building Project "D:\Учеба\Программирование\Проекты c++\mikozlab1\mikozlab1\mikozlab1.vcxproj" (build target(s)).

Build succeeded.

Time Elapsed 00:00:00.75
