Build started 09.06.2022 13:38:54.
     1>Project "D:\Учеба\Программирование\Проекты c++\ОПBL_MM\ОПBL_MM\ОПBL_MM.vcxproj" on node 2 (build target(s)).
     1>InitializeBuildStatus:
         Creating "Release\ОПBL_MM.unsuccessfulbuild" because "AlwaysCreate" was specified.
       ClCompile:
         d:\Program Files (x86)\Microsoft Visual Studio 10.0\VC\bin\CL.exe /c /Zi /nologo /W3 /WX- /O2 /Oi /Oy- /GL /D _UNICODE /D UNICODE /Gm- /EHsc /MD /GS /Gy /fp:precise /Zc:wchar_t /Zc:forScope /openmp /Fo"Release\\" /Fd"Release\vc100.pdb" /Gd /TP /analyze- /errorReport:prompt main.cpp
         main.cpp
     1>main.cpp(34): warning C4018: '<' : signed/unsigned mismatch
     1>main.cpp(79): warning C4018: '<' : signed/unsigned mismatch
     1>main.cpp(123): warning C4018: '<' : signed/unsigned mismatch
     1>main.cpp(167): warning C4018: '<' : signed/unsigned mismatch
     1>main.cpp(211): warning C4244: 'argument' : conversion from 'time_t' to 'unsigned int', possible loss of data
       Link:
         d:\Program Files (x86)\Microsoft Visual Studio 10.0\VC\bin\link.exe /ERRORREPORT:PROMPT /OUT:"D:\Учеба\Программирование\Проекты c++\ОПBL_MM\Release\ОПBL_MM.exe" /NOLOGO kernel32.lib user32.lib gdi32.lib winspool.lib comdlg32.lib advapi32.lib shell32.lib ole32.lib oleaut32.lib uuid.lib odbc32.lib odbccp32.lib /MANIFEST /ManifestFile:"Release\ОПBL_MM.exe.intermediate.manifest" /MANIFESTUAC:"level='asInvoker' uiAccess='false'" /DEBUG /PDB:"D:\Учеба\Программирование\Проекты c++\ОПBL_MM\Release\ОПBL_MM.pdb" /OPT:REF /OPT:ICF /LTCG /TLBID:1 /DYNAMICBASE /NXCOMPAT /IMPLIB:"D:\Учеба\Программирование\Проекты c++\ОПBL_MM\Release\ОПBL_MM.lib" /MACHINE:X86 Release\main.obj
         Generating code
         Finished generating code
         ОПBL_MM.vcxproj -> D:\Учеба\Программирование\Проекты c++\ОПBL_MM\Release\ОПBL_MM.exe
       Manifest:
         C:\Program Files (x86)\Microsoft SDKs\Windows\v7.0A\bin\mt.exe /nologo /verbose /outputresource:"D:\Учеба\Программирование\Проекты c++\ОПBL_MM\Release\ОПBL_MM.exe;#1" /manifest "Release\ОПBL_MM.exe.intermediate.manifest"
       FinalizeBuildStatus:
         Deleting file "Release\ОПBL_MM.unsuccessfulbuild".
         Touching "Release\ОПBL_MM.lastbuildstate".
     1>Done Building Project "D:\Учеба\Программирование\Проекты c++\ОПBL_MM\ОПBL_MM\ОПBL_MM.vcxproj" (build target(s)).

Build succeeded.

Time Elapsed 00:00:09.90
